nohup: ignoring input
I tensorflow/core/distributed_runtime/rpc/grpc_channel.cc:197] Initialize GrpcChannelCache for job worker -> {0 -> tf1.kgb.et2:3222, 1 -> tf2.kgb.et2:3222, 2 -> tf3.kgb.et2:3222}
I tensorflow/core/distributed_runtime/rpc/grpc_channel.cc:197] Initialize GrpcChannelCache for job ps -> {0 -> localhost:3224}
I tensorflow/core/distributed_runtime/rpc/grpc_server_lib.cc:206] Started server with target: grpc://localhost:3224
I tensorflow/core/distributed_runtime/rpc/grpc_channel.cc:197] Initialize GrpcChannelCache for job worker -> {0 -> tf1.kgb.et2:3222, 1 -> localhost:3222, 2 -> tf3.kgb.et2:3222}
I tensorflow/core/distributed_runtime/rpc/grpc_channel.cc:197] Initialize GrpcChannelCache for job ps -> {0 -> tf2.kgb.et2:3224}
I tensorflow/core/distributed_runtime/rpc/grpc_server_lib.cc:206] Started server with target: grpc://localhost:3222
I tensorflow/core/distributed_runtime/master_session.cc:928] Start master session 56574040cfb10712 with config: 
device_filters: "/job:ps"
device_filters: "/job:worker/task:0"
allow_soft_placement: true
log_device_placement: true

I tensorflow/core/common_runtime/simple_placer.cc:819] save/Const: /job:ps/replica:0/task:0/cpu:0
I tensorflow/core/common_runtime/simple_placer.cc:819] save/restore_slice_12: /job:ps/replica:0/task:0/cpu:0
I tensorflow/core/common_runtime/simple_placer.cc:819] save/restore_slice_11: /job:ps/replica:0/task:0/cpu:0
I tensorflow/core/common_runtime/simple_placer.cc:819] save/restore_slice_10: /job:ps/replica:0/task:0/cpu:0
I tensorflow/core/common_runtime/simple_placer.cc:819] save/restore_slice_9: /job:ps/replica:0/task:0/cpu:0
I tensorflow/core/common_runtime/simple_placer.cc:819] save/restore_slice_8: /job:ps/replica:0/task:0/cpu:0
I tensorflow/core/common_runtime/simple_placer.cc:819] save/restore_slice_7: /job:ps/replica:0/task:0/cpu:0
I tensorflow/core/common_runtime/simple_placer.cc:819] save/restore_slice_6: /job:ps/replica:0/task:0/cpu:0
I tensorflow/core/common_runtime/simple_placer.cc:819] save/restore_slice_5: /job:ps/replica:0/task:0/cpu:0
I tensorflow/core/common_runtime/simple_placer.cc:819] save/restore_slice_4: /job:ps/replica:0/task:0/cpu:0
I tensorflow/core/common_runtime/simple_placer.cc:819] save/restore_slice_3: /job:ps/replica:0/task:0/cpu:0
I tensorflow/core/common_runtime/simple_placer.cc:819] save/restore_slice_2: /job:ps/replica:0/task:0/cpu:0
I tensorflow/core/common_runtime/simple_placer.cc:819] save/restore_slice_1: /job:ps/replica:0/task:0/cpu:0
I tensorflow/core/common_runtime/simple_placer.cc:819] save/restore_slice: /job:ps/replica:0/task:0/cpu:0
I tensorflow/core/common_runtime/simple_placer.cc:819] init_all_tables: /job:ps/replica:0/task:0/cpu:0
I tensorflow/core/common_runtime/simple_placer.cc:819] init_1: /job:ps/replica:0/task:0/cpu:0
I tensorflow/core/common_runtime/simple_placer.cc:819] group_deps: /job:ps/replica:0/task:0/cpu:0
I tensorflow/core/common_runtime/simple_placer.cc:819] report_uninitialized_variables/boolean_mask/strided_slice: /job:ps/replica:0/task:0/cpu:0
I tensorflow/core/common_runtime/simple_placer.cc:819] report_uninitialized_variables/boolean_mask/concat: /job:ps/replica:0/task:0/cpu:0
I tensorflow/core/common_runtime/simple_placer.cc:819] report_uninitialized_variables/boolean_mask/Reshape: /job:ps/replica:0/task:0/cpu:0
W tensorflow/core/kernels/queue_base.cc:302] _1_shuffle_batch_2/random_shuffle_queue: Skipping cancelled dequeue attempt with queue not closed
