#========================================================
# SVM Option: 
#========================================================
# [c = 10]
# [epsilon = 0.001]
# [sigma = 1]
# [is_linear_kernel = 0]
# [fname_train = test/data/heart_scale.train]
# [fname_model = svm_model]
# [fname_valid = test/data/heart_scale.test]
#========================================================

#========================================================
# SVM Option: 
#========================================================
# [c = 10]
# [epsilon = 0.001]
# [sigma = 2]
# [is_linear_kernel = 0]
# [fname_train = test/data/heart_scale.train]
# [fname_model = svm_model]
# [fname_valid = test/data/heart_scale.test]
#========================================================

#========================================================
# SVM Option: 
#========================================================
# [c = 10]
# [epsilon = 0.001]
# [sigma = 3]
# [is_linear_kernel = 0]
# [fname_train = test/data/heart_scale.train]
# [fname_model = svm_model]
# [fname_valid = test/data/heart_scale.test]
#========================================================

#========================================================
# SVM Option: 
#========================================================
# [c = 10]
# [epsilon = 0.001]
# [sigma = 4]
# [is_linear_kernel = 0]
# [fname_train = test/data/heart_scale.train]
# [fname_model = svm_model]
# [fname_valid = test/data/heart_scale.test]
#========================================================

#========================================================
# SVM Option: 
#========================================================
# [c = 10]
# [epsilon = 0.001]
# [sigma = 5]
# [is_linear_kernel = 0]
# [fname_train = test/data/heart_scale.train]
# [fname_model = svm_model]
# [fname_valid = test/data/heart_scale.test]
#========================================================

#========================================================
# SVM Option: 
#========================================================
# [c = 10]
# [epsilon = 0.001]
# [sigma = 6]
# [is_linear_kernel = 0]
# [fname_train = test/data/heart_scale.train]
# [fname_model = svm_model]
# [fname_valid = test/data/heart_scale.test]
#========================================================

#========================================================
# SVM Option: 
#========================================================
# [c = 10]
# [epsilon = 0.001]
# [sigma = 7]
# [is_linear_kernel = 0]
# [fname_train = test/data/heart_scale.train]
# [fname_model = svm_model]
# [fname_valid = test/data/heart_scale.test]
#========================================================

#========================================================
# SVM Option: 
#========================================================
# [c = 10]
# [epsilon = 0.001]
# [sigma = 8]
# [is_linear_kernel = 0]
# [fname_train = test/data/heart_scale.train]
# [fname_model = svm_model]
# [fname_valid = test/data/heart_scale.test]
#========================================================

#========================================================
# SVM Option: 
#========================================================
# [c = 10]
# [epsilon = 0.001]
# [sigma = 9]
# [is_linear_kernel = 0]
# [fname_train = test/data/heart_scale.train]
# [fname_model = svm_model]
# [fname_valid = test/data/heart_scale.test]
#========================================================

#========================================================
# SVM Option: 
#========================================================
# [c = 10]
# [epsilon = 0.001]
# [sigma = 10]
# [is_linear_kernel = 0]
# [fname_train = test/data/heart_scale.train]
# [fname_model = svm_model]
# [fname_valid = test/data/heart_scale.test]
#========================================================

#========================================================
# SVM Option: 
#========================================================
# [c = 10]
# [epsilon = 0.001]
# [sigma = 11]
# [is_linear_kernel = 0]
# [fname_train = test/data/heart_scale.train]
# [fname_model = svm_model]
# [fname_valid = test/data/heart_scale.test]
#========================================================

#========================================================
# SVM Option: 
#========================================================
# [c = 10]
# [epsilon = 0.001]
# [sigma = 12]
# [is_linear_kernel = 0]
# [fname_train = test/data/heart_scale.train]
# [fname_model = svm_model]
# [fname_valid = test/data/heart_scale.test]
#========================================================

#========================================================
# SVM Option: 
#========================================================
# [c = 10]
# [epsilon = 0.001]
# [sigma = 13]
# [is_linear_kernel = 0]
# [fname_train = test/data/heart_scale.train]
# [fname_model = svm_model]
# [fname_valid = test/data/heart_scale.test]
#========================================================

